# JRE version: 7.0_07-b11
# Java VM: Java HotSpot(TM) 64-Bit Server VM (23.3-b01 mixed mode windows-amd64 compressed oops)
Heap
 PSYoungGen      total 150528K, used 62230K [0x00000007aac00000, 0x00000007bd460000, 0x0000000800000000)
  eden space 131072K, 41% used [0x00000007aac00000,0x00000007ae165800,0x00000007b2c00000)
  from space 19456K, 38% used [0x00000007b2c00000,0x00000007b33602b0,0x00000007b3f00000)
  to   space 20672K, 0% used [0x00000007bc030000,0x00000007bc030000,0x00000007bd460000)
 ParOldGen       total 174592K, used 49310K [0x0000000700400000, 0x000000070ae80000, 0x00000007aac00000)
  object space 174592K, 28% used [0x0000000700400000,0x0000000703427b38,0x000000070ae80000)
 PSPermGen       total 21248K, used 13900K [0x00000006fb200000, 0x00000006fc6c0000, 0x0000000700400000)
  object space 21248K, 65% used [0x00000006fb200000,0x00000006fbf93238,0x00000006fc6c0000)
GC Heap History (10 events):
Event: 4.650 GC heap before
{Heap before GC invocations=3 (full 0):
 PSYoungGen      total 76416K, used 76387K [0x00000007aac00000, 0x00000007b0140000, 0x0000000800000000)
  eden space 65536K, 100% used [0x00000007aac00000,0x00000007aec00000,0x00000007aec00000)
  from space 10880K, 99% used [0x00000007af6a0000,0x00000007b0138c20,0x00000007b0140000)
  to   space 10880K, 0% used [0x00000007aec00000,0x00000007aec00000,0x00000007af6a0000)
 ParOldGen       total 174592K, used 13395K [0x0000000700400000, 0x000000070ae80000, 0x00000007aac00000)
  object space 174592K, 7% used [0x0000000700400000,0x0000000701114eb8,0x000000070ae80000)
 PSPermGen       total 21248K, used 13771K [0x00000006fb200000, 0x00000006fc6c0000, 0x0000000700400000)
  object space 21248K, 64% used [0x00000006fb200000,0x00000006fbf72d98,0x00000006fc6c0000)
Event: 4.656 GC heap after
Heap after GC invocations=3 (full 0):
 PSYoungGen      total 76416K, used 10851K [0x00000007aac00000, 0x00000007b0140000, 0x0000000800000000)
  eden space 65536K, 0% used [0x00000007aac00000,0x00000007aac00000,0x00000007aec00000)
  from space 10880K, 99% used [0x00000007aec00000,0x00000007af698c50,0x00000007af6a0000)
  to   space 10880K, 0% used [0x00000007af6a0000,0x00000007af6a0000,0x00000007b0140000)
 ParOldGen       total 174592K, used 17340K [0x0000000700400000, 0x000000070ae80000, 0x00000007aac00000)
  object space 174592K, 9% used [0x0000000700400000,0x00000007014ef048,0x000000070ae80000)
 PSPermGen       total 21248K, used 13771K [0x00000006fb200000, 0x00000006fc6c0000, 0x0000000700400000)
  object space 21248K, 64% used [0x00000006fb200000,0x00000006fbf72d98,0x00000006fc6c0000)
}
Event: 5.083 GC heap before
{Heap before GC invocations=4 (full 0):
 PSYoungGen      total 76416K, used 76387K [0x00000007aac00000, 0x00000007b0140000, 0x0000000800000000)
  eden space 65536K, 100% used [0x00000007aac00000,0x00000007aec00000,0x00000007aec00000)
  from space 10880K, 99% used [0x00000007aec00000,0x00000007af698c50,0x00000007af6a0000)
  to   space 10880K, 0% used [0x00000007af6a0000,0x00000007af6a0000,0x00000007b0140000)
 ParOldGen       total 174592K, used 17340K [0x0000000700400000, 0x000000070ae80000, 0x00000007aac00000)
  object space 174592K, 9% used [0x0000000700400000,0x00000007014ef048,0x000000070ae80000)
 PSPermGen       total 21248K, used 13811K [0x00000006fb200000, 0x00000006fc6c0000, 0x0000000700400000)
  object space 21248K, 65% used [0x00000006fb200000,0x00000006fbf7ce30,0x00000006fc6c0000)
Event: 5.089 GC heap after
Heap after GC invocations=4 (full 0):
 PSYoungGen      total 76416K, used 10851K [0x00000007aac00000, 0x00000007b4140000, 0x0000000800000000)
  eden space 65536K, 0% used [0x00000007aac00000,0x00000007aac00000,0x00000007aec00000)
  from space 10880K, 99% used [0x00000007af6a0000,0x00000007b0138c50,0x00000007b0140000)
  to   space 10880K, 0% used [0x00000007aec00000,0x00000007aec00000,0x00000007af6a0000)
 ParOldGen       total 174592K, used 20991K [0x0000000700400000, 0x000000070ae80000, 0x00000007aac00000)
  object space 174592K, 12% used [0x0000000700400000,0x000000070187fee0,0x000000070ae80000)
 PSPermGen       total 21248K, used 13811K [0x00000006fb200000, 0x00000006fc6c0000, 0x0000000700400000)
  object space 21248K, 65% used [0x00000006fb200000,0x00000006fbf7ce30,0x00000006fc6c0000)
}
Event: 5.516 GC heap before
{Heap before GC invocations=5 (full 0):
 PSYoungGen      total 76416K, used 76384K [0x00000007aac00000, 0x00000007b4140000, 0x0000000800000000)
  eden space 65536K, 99% used [0x00000007aac00000,0x00000007aebff708,0x00000007aec00000)
  from space 10880K, 99% used [0x00000007af6a0000,0x00000007b0138c50,0x00000007b0140000)
  to   space 10880K, 0% used [0x00000007aec00000,0x00000007aec00000,0x00000007af6a0000)
 ParOldGen       total 174592K, used 20991K [0x0000000700400000, 0x000000070ae80000, 0x00000007aac00000)
  object space 174592K, 12% used [0x0000000700400000,0x000000070187fee0,0x000000070ae80000)
 PSPermGen       total 21248K, used 13820K [0x00000006fb200000, 0x00000006fc6c0000, 0x0000000700400000)
  object space 21248K, 65% used [0x00000006fb200000,0x00000006fbf7f3e0,0x00000006fc6c0000)
Event: 5.523 GC heap after
Heap after GC invocations=5 (full 0):
 PSYoungGen      total 76416K, used 10867K [0x00000007aac00000, 0x00000007b52e0000, 0x0000000800000000)
  eden space 65536K, 0% used [0x00000007aac00000,0x00000007aac00000,0x00000007aec00000)
  from space 10880K, 99% used [0x00000007aec00000,0x00000007af69cc40,0x00000007af6a0000)
  to   space 19904K, 0% used [0x00000007b3f70000,0x00000007b3f70000,0x00000007b52e0000)
 ParOldGen       total 174592K, used 24578K [0x0000000700400000, 0x000000070ae80000, 0x00000007aac00000)
  object space 174592K, 14% used [0x0000000700400000,0x0000000701c00818,0x000000070ae80000)
 PSPermGen       total 21248K, used 13820K [0x00000006fb200000, 0x00000006fc6c0000, 0x0000000700400000)
  object space 21248K, 65% used [0x00000006fb200000,0x00000006fbf7f3e0,0x00000006fc6c0000)
}
Event: 5.930 GC heap before
{Heap before GC invocations=6 (full 0):
 PSYoungGen      total 76416K, used 76401K [0x00000007aac00000, 0x00000007b52e0000, 0x0000000800000000)
  eden space 65536K, 99% used [0x00000007aac00000,0x00000007aebffa80,0x00000007aec00000)
  from space 10880K, 99% used [0x00000007aec00000,0x00000007af69cc40,0x00000007af6a0000)
  to   space 19904K, 0% used [0x00000007b3f70000,0x00000007b3f70000,0x00000007b52e0000)
 ParOldGen       total 174592K, used 24578K [0x0000000700400000, 0x000000070ae80000, 0x00000007aac00000)
  object space 174592K, 14% used [0x0000000700400000,0x0000000701c00818,0x000000070ae80000)
 PSPermGen       total 21248K, used 13834K [0x00000006fb200000, 0x00000006fc6c0000, 0x0000000700400000)
  object space 21248K, 65% used [0x00000006fb200000,0x00000006fbf82b28,0x00000006fc6c0000)
Event: 5.938 GC heap after
Heap after GC invocations=6 (full 0):
 PSYoungGen      total 150080K, used 15059K [0x00000007aac00000, 0x00000007b5200000, 0x0000000800000000)
  eden space 131072K, 0% used [0x00000007aac00000,0x00000007aac00000,0x00000007b2c00000)
  from space 19008K, 79% used [0x00000007b3f70000,0x00000007b4e24e20,0x00000007b5200000)
  to   space 19456K, 0% used [0x00000007b2c00000,0x00000007b2c00000,0x00000007b3f00000)
 ParOldGen       total 174592K, used 24578K [0x0000000700400000, 0x000000070ae80000, 0x00000007aac00000)
  object space 174592K, 14% used [0x0000000700400000,0x0000000701c00818,0x000000070ae80000)
 PSPermGen       total 21248K, used 13834K [0x00000006fb200000, 0x00000006fc6c0000, 0x0000000700400000)
  object space 21248K, 65% used [0x00000006fb200000,0x00000006fbf82b28,0x00000006fc6c0000)
}
Event: 6.785 GC heap before
{Heap before GC invocations=7 (full 0):
 PSYoungGen      total 150080K, used 146131K [0x00000007aac00000, 0x00000007b5200000, 0x0000000800000000)
  eden space 131072K, 100% used [0x00000007aac00000,0x00000007b2c00000,0x00000007b2c00000)
  from space 19008K, 79% used [0x00000007b3f70000,0x00000007b4e24e20,0x00000007b5200000)
  to   space 19456K, 0% used [0x00000007b2c00000,0x00000007b2c00000,0x00000007b3f00000)
 ParOldGen       total 174592K, used 24578K [0x0000000700400000, 0x000000070ae80000, 0x00000007aac00000)
  object space 174592K, 14% used [0x0000000700400000,0x0000000701c00818,0x000000070ae80000)
 PSPermGen       total 21248K, used 13867K [0x00000006fb200000, 0x00000006fc6c0000, 0x0000000700400000)
  object space 21248K, 65% used [0x00000006fb200000,0x00000006fbf8afb0,0x00000006fc6c0000)
Event: 6.800 GC heap after
Heap after GC invocations=7 (full 0):
 PSYoungGen      total 150528K, used 7552K [0x00000007aac00000, 0x00000007bd460000, 0x0000000800000000)
  eden space 131072K, 0% used [0x00000007aac00000,0x00000007aac00000,0x00000007b2c00000)
  from space 19456K, 38% used [0x00000007b2c00000,0x00000007b33602b0,0x00000007b3f00000)
  to   space 20672K, 0% used [0x00000007bc030000,0x00000007bc030000,0x00000007bd460000)
 ParOldGen       total 174592K, used 49310K [0x0000000700400000, 0x000000070ae80000, 0x00000007aac00000)
  object space 174592K, 28% used [0x0000000700400000,0x0000000703427b38,0x000000070ae80000)
 PSPermGen       total 21248K, used 13867K [0x00000006fb200000, 0x00000006fc6c0000, 0x0000000700400000)
  object space 21248K, 65% used [0x00000006fb200000,0x00000006fbf8afb0,0x00000006fc6c0000)
}

